[stage23:53709] mca: base: component_find: unable to open /storage/software/openmpi-1.8.4/lib/openmpi/mca_plm_tm: libtorque.so.2: cannot open shared object file: No such file or directory (ignored)
[stage23:53709] mca: base: component_find: unable to open /storage/software/openmpi-1.8.4/lib/openmpi/mca_ras_tm: libtorque.so.2: cannot open shared object file: No such file or directory (ignored)
2018-04-03 22:28:20 [main] MPIMain.main()
INFO: Args received: [1, false]
2018-04-03 22:28:20 [main] MPIMain.main()
INFO: Args received: [1, false]
2018-04-03 22:28:20 [main] MPIMain.main()
INFO: Args received: [1, false]
2018-04-03 22:28:20 [main] MPIMain.main()
INFO: Args received: [1, false]
[INFO] 22:28:21:266 config.GlobalConfig.init(): Init [MPI_CONNECTION, isSingleJVM:false]
[INFO] 22:28:21:307 config.GlobalConfig.init(): Init [MPI_CONNECTION, isSingleJVM:false]
[INFO] 22:28:21:305 config.GlobalConfig.init(): Init [MPI_CONNECTION, isSingleJVM:false]
[INFO] 22:28:21:347 config.GlobalConfig.init(): Init [MPI_CONNECTION, isSingleJVM:false]
[INFO] 22:28:21:505 config.GlobalConfig.registerRole(): Registering role: Role{roleId='p0g1', myAddress=MPIAddress{rank=0, groupId=1}, isLeader=false}
[INFO] 22:28:21:539 config.GlobalConfig.registerRole(): Registering role: Role{roleId='p1g1', myAddress=MPIAddress{rank=1, groupId=1}, isLeader=false}
[INFO] 22:28:21:547 config.GlobalConfig.registerRole(): Registering role: Role{roleId='p2g1', myAddress=MPIAddress{rank=2, groupId=1}, isLeader=false}
[INFO] 22:28:21:585 config.GlobalConfig.registerAddress(): Address [MPIAddress{rank=0, groupId=1}] registered on role [Role{roleId='p0g1', myAddress=MPIAddress{rank=0, groupId=1}, isLeader=true}]
[INFO] 22:28:21:586 config.GlobalConfig.registerAddress(): Address [MPIAddress{rank=1, groupId=1}] registered on role [Role{roleId='p0g1', myAddress=MPIAddress{rank=0, groupId=1}, isLeader=true}]
[INFO] 22:28:21:586 config.GlobalConfig.registerAddress(): Address [MPIAddress{rank=2, groupId=1}] registered on role [Role{roleId='p0g1', myAddress=MPIAddress{rank=0, groupId=1}, isLeader=true}]
[INFO] 22:28:21:587 config.GlobalConfig.registerAddress(): Address [MPIAddress{rank=3, groupId=1}] registered on role [Role{roleId='p0g1', myAddress=MPIAddress{rank=0, groupId=1}, isLeader=true}]
[INFO] 22:28:21:587 role.Node.<init>(): Node created: Role{roleId='p0g1', myAddress=MPIAddress{rank=0, groupId=1}, isLeader=true}
[INFO] 22:28:21:589 testframework.TestFramework._doPingTests(): Starting ping-pong tests...
[INFO] 22:28:21:619 config.GlobalConfig.registerRole(): Registering role: Role{roleId='p3g1', myAddress=MPIAddress{rank=3, groupId=1}, isLeader=false}
[INFO] 22:28:21:623 config.GlobalConfig.registerAddress(): Address [MPIAddress{rank=1, groupId=1}] registered on role [Role{roleId='p1g1', myAddress=MPIAddress{rank=1, groupId=1}, isLeader=true}]
[INFO] 22:28:21:624 config.GlobalConfig.registerAddress(): Address [MPIAddress{rank=0, groupId=1}] registered on role [Role{roleId='p1g1', myAddress=MPIAddress{rank=1, groupId=1}, isLeader=false}]
[INFO] 22:28:21:624 config.GlobalConfig.registerAddress(): Address [MPIAddress{rank=2, groupId=1}] registered on role [Role{roleId='p1g1', myAddress=MPIAddress{rank=1, groupId=1}, isLeader=false}]
[INFO] 22:28:21:624 config.GlobalConfig.registerAddress(): Address [MPIAddress{rank=3, groupId=1}] registered on role [Role{roleId='p1g1', myAddress=MPIAddress{rank=1, groupId=1}, isLeader=false}]
[INFO] 22:28:21:625 role.Node.<init>(): Node created: Role{roleId='p1g1', myAddress=MPIAddress{rank=1, groupId=1}, isLeader=false}
[INFO] 22:28:21:644 config.GlobalConfig.registerAddress(): Address [MPIAddress{rank=2, groupId=1}] registered on role [Role{roleId='p2g1', myAddress=MPIAddress{rank=2, groupId=1}, isLeader=true}]
[INFO] 22:28:21:644 config.GlobalConfig.registerAddress(): Address [MPIAddress{rank=0, groupId=1}] registered on role [Role{roleId='p2g1', myAddress=MPIAddress{rank=2, groupId=1}, isLeader=false}]
[INFO] 22:28:21:645 config.GlobalConfig.registerAddress(): Address [MPIAddress{rank=1, groupId=1}] registered on role [Role{roleId='p2g1', myAddress=MPIAddress{rank=2, groupId=1}, isLeader=false}]
[INFO] 22:28:21:645 config.GlobalConfig.registerAddress(): Address [MPIAddress{rank=3, groupId=1}] registered on role [Role{roleId='p2g1', myAddress=MPIAddress{rank=2, groupId=1}, isLeader=false}]
[INFO] 22:28:21:646 role.Node.<init>(): Node created: Role{roleId='p2g1', myAddress=MPIAddress{rank=2, groupId=1}, isLeader=false}
[INFO] 22:28:21:718 config.GlobalConfig.registerAddress(): Address [MPIAddress{rank=3, groupId=1}] registered on role [Role{roleId='p3g1', myAddress=MPIAddress{rank=3, groupId=1}, isLeader=true}]
[INFO] 22:28:21:719 config.GlobalConfig.registerAddress(): Address [MPIAddress{rank=0, groupId=1}] registered on role [Role{roleId='p3g1', myAddress=MPIAddress{rank=3, groupId=1}, isLeader=false}]
[INFO] 22:28:21:719 config.GlobalConfig.registerAddress(): Address [MPIAddress{rank=1, groupId=1}] registered on role [Role{roleId='p3g1', myAddress=MPIAddress{rank=3, groupId=1}, isLeader=false}]
[INFO] 22:28:21:719 config.GlobalConfig.registerAddress(): Address [MPIAddress{rank=2, groupId=1}] registered on role [Role{roleId='p3g1', myAddress=MPIAddress{rank=3, groupId=1}, isLeader=false}]
[INFO] 22:28:21:720 role.Node.<init>(): Node created: Role{roleId='p3g1', myAddress=MPIAddress{rank=3, groupId=1}, isLeader=false}
[INFO] 22:28:22:547 testframework.TestFramework._doPingTests(): Ping tests are done!
[INFO] 22:28:22:606 config.GlobalConfig.end(): Finalized [MPI_CONNECTION]
[INFO] 22:28:22:606 MPIMain.main(): Total time (ms): 1906
[INFO] 22:28:22:608 config.GlobalConfig.end(): Finalized [MPI_CONNECTION]
------------------------------ TEST GROUP: pingAllIntermediate
testGroup,phase,iterations,pid,timestamp,time,latency
pingAllIntermediate,warmup,50,p0g1,1522783701893,22:28:21.893,303
pingAllIntermediate,warmup,50,p0g1,1522783701916,22:28:21.916,22
pingAllIntermediate,warmup,50,p0g1,1522783701931,22:28:21.931,15
pingAllIntermediate,warmup,50,p0g1,1522783701951,22:28:21.951,20
pingAllIntermediate,warmup,50,p0g1,1522783701961,22:28:21.961,10
pingAllIntermediate,warmup,50,p0g1,1522783701973,22:28:21.973,12
pingAllIntermediate,warmup,50,p0g1,1522783701985,22:28:21.985,12
pingAllIntermediate,warmup,50,p0g1,1522783701999,22:28:21.999,14
pingAllIntermediate,warmup,50,p0g1,1522783702005,22:28:22.005,6
pingAllIntermediate,warmup,50,p0g1,1522783702014,22:28:22.014,9
pingAllIntermediate,warmup,50,p0g1,1522783702028,22:28:22.028,14
pingAllIntermediate,warmup,50,p0g1,1522783702044,22:28:22.044,16
pingAllIntermediate,warmup,50,p0g1,1522783702050,22:28:22.050,6
pingAllIntermediate,warmup,50,p0g1,1522783702056,22:28:22.056,6
pingAllIntermediate,warmup,50,p0g1,1522783702060,22:28:22.060,4
pingAllIntermediate,warmup,50,p0g1,1522783702074,22:28:22.074,14
pingAllIntermediate,warmup,50,p0g1,1522783702080,22:28:22.080,6
pingAllIntermediate,warmup,50,p0g1,1522783702090,22:28:22.090,10
pingAllIntermediate,warmup,50,p0g1,1522783702094,22:28:22.094,4
pingAllIntermediate,warmup,50,p0g1,1522783702101,22:28:22.101,7
pingAllIntermediate,warmup,50,p0g1,1522783702115,22:28:22.115,14
pingAllIntermediate,warmup,50,p0g1,1522783702121,22:28:22.121,6
pingAllIntermediate,warmup,50,p0g1,1522783702124,22:28:22.124,3
pingAllIntermediate,warmup,50,p0g1,1522783702128,22:28:22.128,4
pingAllIntermediate,warmup,50,p0g1,1522783702130,22:28:22.130,2
pingAllIntermediate,warmup,50,p0g1,1522783702135,22:28:22.135,5
pingAllIntermediate,warmup,50,p0g1,1522783702139,22:28:22.139,4
pingAllIntermediate,warmup,50,p0g1,1522783702142,22:28:22.142,3
pingAllIntermediate,warmup,50,p0g1,1522783702145,22:28:22.145,3
pingAllIntermediate,warmup,50,p0g1,1522783702156,22:28:22.156,11
pingAllIntermediate,warmup,50,p0g1,1522783702159,22:28:22.159,3
pingAllIntermediate,warmup,50,p0g1,1522783702162,22:28:22.162,3
pingAllIntermediate,warmup,50,p0g1,1522783702165,22:28:22.165,3
pingAllIntermediate,warmup,50,p0g1,1522783702167,22:28:22.167,2
pingAllIntermediate,warmup,50,p0g1,1522783702171,22:28:22.171,4
pingAllIntermediate,warmup,50,p0g1,1522783702173,22:28:22.173,2
pingAllIntermediate,warmup,50,p0g1,1522783702175,22:28:22.175,2
pingAllIntermediate,warmup,50,p0g1,1522783702177,22:28:22.177,2
pingAllIntermediate,warmup,50,p0g1,1522783702185,22:28:22.185,8
pingAllIntermediate,warmup,50,p0g1,1522783702190,22:28:22.190,5
pingAllIntermediate,warmup,50,p0g1,1522783702196,22:28:22.196,6
pingAllIntermediate,warmup,50,p0g1,1522783702200,22:28:22.200,4
pingAllIntermediate,warmup,50,p0g1,1522783702206,22:28:22.206,6
pingAllIntermediate,warmup,50,p0g1,1522783702209,22:28:22.209,3
pingAllIntermediate,warmup,50,p0g1,1522783702211,22:28:22.211,2
pingAllIntermediate,warmup,50,p0g1,1522783702214,22:28:22.214,3
pingAllIntermediate,warmup,50,p0g1,1522783702217,22:28:22.217,3
pingAllIntermediate,warmup,50,p0g1,1522783702224,22:28:22.224,7
pingAllIntermediate,warmup,50,p0g1,1522783702226,22:28:22.226,2
pingAllIntermediate,warmup,50,p0g1,1522783702229,22:28:22.229,3
------------------------------ TEST GROUP: pingAll
testGroup,phase,timestamp,time,iterations,resultsTotal,numProcs,avgLatency
pingAll,warmup,1522783702230,22:28:22.230,50,50,4,12
------------------------------ TEST GROUP: pingAllIntermediate
testGroup,phase,iterations,pid,timestamp,time,latency
pingAllIntermediate,full-load,100,p0g1,1522783702233,22:28:22.233,3
pingAllIntermediate,full-load,100,p0g1,1522783702240,22:28:22.240,7
pingAllIntermediate,full-load,100,p0g1,1522783702246,22:28:22.246,6
pingAllIntermediate,full-load,100,p0g1,1522783702247,22:28:22.247,1
pingAllIntermediate,full-load,100,p0g1,1522783702256,22:28:22.256,9
pingAllIntermediate,full-load,100,p0g1,1522783702258,22:28:22.258,2
pingAllIntermediate,full-load,100,p0g1,1522783702260,22:28:22.260,2
pingAllIntermediate,full-load,100,p0g1,1522783702263,22:28:22.263,3
pingAllIntermediate,full-load,100,p0g1,1522783702266,22:28:22.266,3
pingAllIntermediate,full-load,100,p0g1,1522783702270,22:28:22.270,4
pingAllIntermediate,full-load,100,p0g1,1522783702272,22:28:22.272,2
pingAllIntermediate,full-load,100,p0g1,1522783702274,22:28:22.274,2
pingAllIntermediate,full-load,100,p0g1,1522783702278,22:28:22.278,4
pingAllIntermediate,full-load,100,p0g1,1522783702291,22:28:22.291,13
pingAllIntermediate,full-load,100,p0g1,1522783702293,22:28:22.293,2
pingAllIntermediate,full-load,100,p0g1,1522783702295,22:28:22.295,2
pingAllIntermediate,full-load,100,p0g1,1522783702297,22:28:22.297,2
pingAllIntermediate,full-load,100,p0g1,1522783702300,22:28:22.300,3
pingAllIntermediate,full-load,100,p0g1,1522783702302,22:28:22.302,2
pingAllIntermediate,full-load,100,p0g1,1522783702308,22:28:22.308,6
pingAllIntermediate,full-load,100,p0g1,1522783702310,22:28:22.310,2
pingAllIntermediate,full-load,100,p0g1,1522783702314,22:28:22.314,4
pingAllIntermediate,full-load,100,p0g1,1522783702320,22:28:22.320,6
pingAllIntermediate,full-load,100,p0g1,1522783702323,22:28:22.323,2
pingAllIntermediate,full-load,100,p0g1,1522783702336,22:28:22.336,13
pingAllIntermediate,full-load,100,p0g1,1522783702338,22:28:22.338,2
pingAllIntermediate,full-load,100,p0g1,1522783702343,22:28:22.343,5
pingAllIntermediate,full-load,100,p0g1,1522783702352,22:28:22.352,9
pingAllIntermediate,full-load,100,p0g1,1522783702354,22:28:22.354,2
pingAllIntermediate,full-load,100,p0g1,1522783702357,22:28:22.357,3
pingAllIntermediate,full-load,100,p0g1,1522783702358,22:28:22.358,1
pingAllIntermediate,full-load,100,p0g1,1522783702360,22:28:22.360,2
pingAllIntermediate,full-load,100,p0g1,1522783702362,22:28:22.362,2
pingAllIntermediate,full-load,100,p0g1,1522783702363,22:28:22.363,1
pingAllIntermediate,full-load,100,p0g1,1522783702365,22:28:22.365,2
pingAllIntermediate,full-load,100,p0g1,1522783702371,22:28:22.371,6
pingAllIntermediate,full-load,100,p0g1,1522783702379,22:28:22.379,8
pingAllIntermediate,full-load,100,p0g1,1522783702381,22:28:22.381,2
pingAllIntermediate,full-load,100,p0g1,1522783702395,22:28:22.395,14
pingAllIntermediate,full-load,100,p0g1,1522783702397,22:28:22.397,2
pingAllIntermediate,full-load,100,p0g1,1522783702398,22:28:22.398,1
pingAllIntermediate,full-load,100,p0g1,1522783702403,22:28:22.403,5
pingAllIntermediate,full-load,100,p0g1,1522783702416,22:28:22.416,13
pingAllIntermediate,full-load,100,p0g1,1522783702418,22:28:22.418,2
pingAllIntermediate,full-load,100,p0g1,1522783702419,22:28:22.419,1
pingAllIntermediate,full-load,100,p0g1,1522783702421,22:28:22.421,2
pingAllIntermediate,full-load,100,p0g1,1522783702424,22:28:22.424,3
pingAllIntermediate,full-load,100,p0g1,1522783702426,22:28:22.426,2
pingAllIntermediate,full-load,100,p0g1,1522783702427,22:28:22.427,1
pingAllIntermediate,full-load,100,p0g1,1522783702428,22:28:22.428,1
pingAllIntermediate,full-load,100,p0g1,1522783702430,22:28:22.430,2
pingAllIntermediate,full-load,100,p0g1,1522783702431,22:28:22.431,1
pingAllIntermediate,full-load,100,p0g1,1522783702438,22:28:22.438,7
pingAllIntermediate,full-load,100,p0g1,1522783702448,22:28:22.448,10
pingAllIntermediate,full-load,100,p0g1,1522783702453,22:28:22.453,5
pingAllIntermediate,full-load,100,p0g1,1522783702455,22:28:22.455,2
pingAllIntermediate,full-load,100,p0g1,1522783702458,22:28:22.458,3
pingAllIntermediate,full-load,100,p0g1,1522783702462,22:28:22.462,4
[INFO] 22:28:22:605 config.GlobalConfig.end(): Finalized [MPI_CONNECTION]
[INFO] 22:28:22:605 config.GlobalConfig.end(): Finalized [MPI_CONNECTION]
[INFO] 22:28:22:605 MPIMain.main(): Total time (ms): 2093
[INFO] 22:28:22:606 MPIMain.main(): Total time (ms): 2091
pingAllIntermediate,full-load,100,p0g1,1522783702464,22:28:22.464,2
pingAllIntermediate,full-load,100,p0g1,1522783702468,22:28:22.468,4
pingAllIntermediate,full-load,100,p0g1,1522783702470,22:28:22.470,2
pingAllIntermediate,full-load,100,p0g1,1522783702471,22:28:22.471,1
pingAllIntermediate,full-load,100,p0g1,1522783702472,22:28:22.472,1
pingAllIntermediate,full-load,100,p0g1,1522783702474,22:28:22.474,2
pingAllIntermediate,full-load,100,p0g1,1522783702475,22:28:22.475,1
pingAllIntermediate,full-load,100,p0g1,1522783702479,22:28:22.479,4
pingAllIntermediate,full-load,100,p0g1,1522783702482,22:28:22.482,3
pingAllIntermediate,full-load,100,p0g1,1522783702487,22:28:22.487,5
pingAllIntermediate,full-load,100,p0g1,1522783702488,22:28:22.488,1
pingAllIntermediate,full-load,100,p0g1,1522783702489,22:28:22.489,1
pingAllIntermediate,full-load,100,p0g1,1522783702491,22:28:22.491,2
pingAllIntermediate,full-load,100,p0g1,1522783702494,22:28:22.494,3
pingAllIntermediate,full-load,100,p0g1,1522783702496,22:28:22.496,2
pingAllIntermediate,full-load,100,p0g1,1522783702498,22:28:22.498,2
pingAllIntermediate,full-load,100,p0g1,1522783702500,22:28:22.500,2
pingAllIntermediate,full-load,100,p0g1,1522783702501,22:28:22.501,1
pingAllIntermediate,full-load,100,p0g1,1522783702503,22:28:22.503,2
pingAllIntermediate,full-load,100,p0g1,1522783702508,22:28:22.508,5
pingAllIntermediate,full-load,100,p0g1,1522783702509,22:28:22.509,1
pingAllIntermediate,full-load,100,p0g1,1522783702511,22:28:22.511,2
pingAllIntermediate,full-load,100,p0g1,1522783702512,22:28:22.512,1
pingAllIntermediate,full-load,100,p0g1,1522783702513,22:28:22.513,1
pingAllIntermediate,full-load,100,p0g1,1522783702514,22:28:22.514,1
pingAllIntermediate,full-load,100,p0g1,1522783702515,22:28:22.515,1
pingAllIntermediate,full-load,100,p0g1,1522783702516,22:28:22.516,1
pingAllIntermediate,full-load,100,p0g1,1522783702519,22:28:22.519,3
pingAllIntermediate,full-load,100,p0g1,1522783702520,22:28:22.520,1
pingAllIntermediate,full-load,100,p0g1,1522783702522,22:28:22.522,2
pingAllIntermediate,full-load,100,p0g1,1522783702523,22:28:22.523,1
pingAllIntermediate,full-load,100,p0g1,1522783702525,22:28:22.525,2
pingAllIntermediate,full-load,100,p0g1,1522783702527,22:28:22.527,1
pingAllIntermediate,full-load,100,p0g1,1522783702528,22:28:22.528,1
pingAllIntermediate,full-load,100,p0g1,1522783702530,22:28:22.530,2
pingAllIntermediate,full-load,100,p0g1,1522783702531,22:28:22.531,1
pingAllIntermediate,full-load,100,p0g1,1522783702535,22:28:22.535,4
pingAllIntermediate,full-load,100,p0g1,1522783702537,22:28:22.537,2
pingAllIntermediate,full-load,100,p0g1,1522783702539,22:28:22.539,2
pingAllIntermediate,full-load,100,p0g1,1522783702541,22:28:22.541,2
pingAllIntermediate,full-load,100,p0g1,1522783702542,22:28:22.542,1
pingAllIntermediate,full-load,100,p0g1,1522783702544,22:28:22.544,2
------------------------------ TEST GROUP: pingAll
testGroup,phase,timestamp,time,iterations,resultsTotal,numProcs,avgLatency
pingAll,full-load,1522783702544,22:28:22.544,100,100,4,3
------------------------------ TEST GROUP: pingSingle
testGroup,phase,iterations,pid,timestamp,time,latency
pingSingle,N/A,-1,p0g1,1522783701763,22:28:21.763,20
pingSingle,N/A,-1,p1g1,1522783701877,22:28:21.877,29
pingSingle,N/A,-1,p3g1,1522783701886,22:28:21.886,33
pingSingle,N/A,-1,p2g1,1522783701893,22:28:21.893,29
pingSingle,N/A,-1,p2g1,1522783701903,22:28:21.903,5
pingSingle,N/A,-1,p1g1,1522783701905,22:28:21.905,6
pingSingle,N/A,-1,p0g1,1522783701906,22:28:21.906,7
pingSingle,N/A,-1,p3g1,1522783701916,22:28:21.916,4
pingSingle,N/A,-1,p0g1,1522783701923,22:28:21.923,3
pingSingle,N/A,-1,p2g1,1522783701927,22:28:21.927,8
pingSingle,N/A,-1,p1g1,1522783701928,22:28:21.928,7
pingSingle,N/A,-1,p3g1,1522783701931,22:28:21.931,4
pingSingle,N/A,-1,p1g1,1522783701947,22:28:21.947,11
pingSingle,N/A,-1,p2g1,1522783701948,22:28:21.948,11
pingSingle,N/A,-1,p0g1,1522783701948,22:28:21.948,10
pingSingle,N/A,-1,p3g1,1522783701951,22:28:21.951,10
pingSingle,N/A,-1,p0g1,1522783701957,22:28:21.957,3
pingSingle,N/A,-1,p2g1,1522783701958,22:28:21.958,3
pingSingle,N/A,-1,p1g1,1522783701959,22:28:21.959,4
pingSingle,N/A,-1,p3g1,1522783701961,22:28:21.961,3
pingSingle,N/A,-1,p0g1,1522783701963,22:28:21.963,0
pingSingle,N/A,-1,p2g1,1522783701966,22:28:21.966,2
pingSingle,N/A,-1,p1g1,1522783701967,22:28:21.967,2
pingSingle,N/A,-1,p3g1,1522783701973,22:28:21.973,3
pingSingle,N/A,-1,p0g1,1522783701975,22:28:21.975,0
pingSingle,N/A,-1,p1g1,1522783701977,22:28:21.977,2
pingSingle,N/A,-1,p2g1,1522783701978,22:28:21.978,3
pingSingle,N/A,-1,p3g1,1522783701985,22:28:21.985,9
pingSingle,N/A,-1,p0g1,1522783701988,22:28:21.988,1
pingSingle,N/A,-1,p2g1,1522783701995,22:28:21.995,3
pingSingle,N/A,-1,p1g1,1522783701996,22:28:21.996,3
pingSingle,N/A,-1,p3g1,1522783701999,22:28:21.999,6
pingSingle,N/A,-1,p0g1,1522783702001,22:28:22.001,1
pingSingle,N/A,-1,p2g1,1522783702003,22:28:22.003,2
pingSingle,N/A,-1,p3g1,1522783702004,22:28:22.004,2
pingSingle,N/A,-1,p1g1,1522783702005,22:28:22.005,2
pingSingle,N/A,-1,p0g1,1522783702008,22:28:22.008,1
pingSingle,N/A,-1,p1g1,1522783702009,22:28:22.009,2
pingSingle,N/A,-1,p2g1,1522783702009,22:28:22.009,2
pingSingle,N/A,-1,p3g1,1522783702014,22:28:22.014,6
pingSingle,N/A,-1,p0g1,1522783702025,22:28:22.025,3
pingSingle,N/A,-1,p1g1,1522783702025,22:28:22.025,2
pingSingle,N/A,-1,p2g1,1522783702026,22:28:22.026,2
pingSingle,N/A,-1,p3g1,1522783702028,22:28:22.028,2
pingSingle,N/A,-1,p0g1,1522783702043,22:28:22.043,13
pingSingle,N/A,-1,p1g1,1522783702044,22:28:22.044,13
pingSingle,N/A,-1,p2g1,1522783702044,22:28:22.044,13
pingSingle,N/A,-1,p3g1,1522783702044,22:28:22.044,9
pingSingle,N/A,-1,p0g1,1522783702046,22:28:22.046,1
pingSingle,N/A,-1,p2g1,1522783702048,22:28:22.048,2
pingSingle,N/A,-1,p1g1,1522783702048,22:28:22.048,2
pingSingle,N/A,-1,p3g1,1522783702049,22:28:22.049,2
pingSingle,N/A,-1,p0g1,1522783702051,22:28:22.051,1
pingSingle,N/A,-1,p1g1,1522783702053,22:28:22.053,2
pingSingle,N/A,-1,p2g1,1522783702053,22:28:22.053,2
pingSingle,N/A,-1,p3g1,1522783702056,22:28:22.056,5
pingSingle,N/A,-1,p0g1,1522783702058,22:28:22.058,1
pingSingle,N/A,-1,p1g1,1522783702059,22:28:22.059,1
pingSingle,N/A,-1,p2g1,1522783702060,22:28:22.060,2
pingSingle,N/A,-1,p3g1,1522783702060,22:28:22.060,2
pingSingle,N/A,-1,p0g1,1522783702062,22:28:22.062,0
pingSingle,N/A,-1,p1g1,1522783702069,22:28:22.069,4
pingSingle,N/A,-1,p2g1,1522783702070,22:28:22.070,5
pingSingle,N/A,-1,p3g1,1522783702074,22:28:22.074,6
pingSingle,N/A,-1,p0g1,1522783702076,22:28:22.076,1
pingSingle,N/A,-1,p1g1,1522783702078,22:28:22.078,2
pingSingle,N/A,-1,p2g1,1522783702078,22:28:22.078,2
pingSingle,N/A,-1,p3g1,1522783702080,22:28:22.080,4
pingSingle,N/A,-1,p2g1,1522783702084,22:28:22.084,1
pingSingle,N/A,-1,p1g1,1522783702085,22:28:22.085,2
pingSingle,N/A,-1,p0g1,1522783702085,22:28:22.085,1
pingSingle,N/A,-1,p3g1,1522783702090,22:28:22.090,5
pingSingle,N/A,-1,p0g1,1522783702091,22:28:22.091,1
pingSingle,N/A,-1,p2g1,1522783702093,22:28:22.093,2
pingSingle,N/A,-1,p1g1,1522783702093,22:28:22.093,1
pingSingle,N/A,-1,p3g1,1522783702094,22:28:22.094,2
pingSingle,N/A,-1,p0g1,1522783702095,22:28:22.095,0
pingSingle,N/A,-1,p1g1,1522783702097,22:28:22.097,1
pingSingle,N/A,-1,p2g1,1522783702097,22:28:22.097,1
pingSingle,N/A,-1,p3g1,1522783702101,22:28:22.101,5
pingSingle,N/A,-1,p0g1,1522783702103,22:28:22.103,1
pingSingle,N/A,-1,p2g1,1522783702112,22:28:22.112,1
pingSingle,N/A,-1,p3g1,1522783702113,22:28:22.113,1
pingSingle,N/A,-1,p1g1,1522783702115,22:28:22.115,3
pingSingle,N/A,-1,p0g1,1522783702118,22:28:22.118,1
pingSingle,N/A,-1,p2g1,1522783702119,22:28:22.119,1
pingSingle,N/A,-1,p1g1,1522783702120,22:28:22.120,1
pingSingle,N/A,-1,p3g1,1522783702121,22:28:22.121,2
pingSingle,N/A,-1,p0g1,1522783702123,22:28:22.123,1
pingSingle,N/A,-1,p2g1,1522783702123,22:28:22.123,1
pingSingle,N/A,-1,p1g1,1522783702124,22:28:22.124,1
pingSingle,N/A,-1,p3g1,1522783702124,22:28:22.124,2
pingSingle,N/A,-1,p2g1,1522783702125,22:28:22.125,0
pingSingle,N/A,-1,p0g1,1522783702126,22:28:22.126,1
pingSingle,N/A,-1,p3g1,1522783702127,22:28:22.127,1
pingSingle,N/A,-1,p1g1,1522783702128,22:28:22.128,1
pingSingle,N/A,-1,p0g1,1522783702129,22:28:22.129,1
pingSingle,N/A,-1,p2g1,1522783702129,22:28:22.129,0
pingSingle,N/A,-1,p3g1,1522783702130,22:28:22.130,1
pingSingle,N/A,-1,p1g1,1522783702130,22:28:22.130,1
pingSingle,N/A,-1,p2g1,1522783702133,22:28:22.133,1
pingSingle,N/A,-1,p0g1,1522783702134,22:28:22.134,2
pingSingle,N/A,-1,p1g1,1522783702134,22:28:22.134,2
pingSingle,N/A,-1,p3g1,1522783702135,22:28:22.135,2
pingSingle,N/A,-1,p2g1,1522783702137,22:28:22.137,1
pingSingle,N/A,-1,p0g1,1522783702137,22:28:22.137,1
pingSingle,N/A,-1,p1g1,1522783702137,22:28:22.137,1
pingSingle,N/A,-1,p3g1,1522783702139,22:28:22.139,1
pingSingle,N/A,-1,p0g1,1522783702140,22:28:22.140,0
pingSingle,N/A,-1,p2g1,1522783702141,22:28:22.141,1
pingSingle,N/A,-1,p3g1,1522783702141,22:28:22.141,1
pingSingle,N/A,-1,p1g1,1522783702141,22:28:22.141,1
pingSingle,N/A,-1,p1g1,1522783702143,22:28:22.143,0
pingSingle,N/A,-1,p2g1,1522783702144,22:28:22.144,1
pingSingle,N/A,-1,p0g1,1522783702144,22:28:22.144,1
pingSingle,N/A,-1,p3g1,1522783702145,22:28:22.145,1
pingSingle,N/A,-1,p2g1,1522783702147,22:28:22.147,1
pingSingle,N/A,-1,p0g1,1522783702156,22:28:22.156,10
pingSingle,N/A,-1,p3g1,1522783702156,22:28:22.156,10
pingSingle,N/A,-1,p1g1,1522783702156,22:28:22.156,8
pingSingle,N/A,-1,p2g1,1522783702158,22:28:22.158,1
pingSingle,N/A,-1,p0g1,1522783702158,22:28:22.158,0
pingSingle,N/A,-1,p3g1,1522783702159,22:28:22.159,1
pingSingle,N/A,-1,p1g1,1522783702159,22:28:22.159,1
pingSingle,N/A,-1,p2g1,1522783702161,22:28:22.161,1
pingSingle,N/A,-1,p0g1,1522783702162,22:28:22.162,2
pingSingle,N/A,-1,p1g1,1522783702162,22:28:22.162,2
pingSingle,N/A,-1,p3g1,1522783702162,22:28:22.162,1
pingSingle,N/A,-1,p2g1,1522783702164,22:28:22.164,1
pingSingle,N/A,-1,p1g1,1522783702164,22:28:22.164,1
pingSingle,N/A,-1,p0g1,1522783702164,22:28:22.164,1
pingSingle,N/A,-1,p3g1,1522783702165,22:28:22.165,1
pingSingle,N/A,-1,p0g1,1522783702166,22:28:22.166,0
pingSingle,N/A,-1,p2g1,1522783702166,22:28:22.166,0
pingSingle,N/A,-1,p1g1,1522783702167,22:28:22.167,1
pingSingle,N/A,-1,p3g1,1522783702167,22:28:22.167,1
pingSingle,N/A,-1,p0g1,1522783702169,22:28:22.169,1
pingSingle,N/A,-1,p1g1,1522783702170,22:28:22.170,1
pingSingle,N/A,-1,p2g1,1522783702170,22:28:22.170,1
pingSingle,N/A,-1,p3g1,1522783702170,22:28:22.170,1
pingSingle,N/A,-1,p2g1,1522783702172,22:28:22.172,0
pingSingle,N/A,-1,p1g1,1522783702173,22:28:22.173,1
pingSingle,N/A,-1,p0g1,1522783702173,22:28:22.173,1
pingSingle,N/A,-1,p3g1,1522783702173,22:28:22.173,1
pingSingle,N/A,-1,p0g1,1522783702174,22:28:22.174,0
pingSingle,N/A,-1,p2g1,1522783702175,22:28:22.175,1
pingSingle,N/A,-1,p1g1,1522783702175,22:28:22.175,1
pingSingle,N/A,-1,p3g1,1522783702175,22:28:22.175,1
pingSingle,N/A,-1,p0g1,1522783702176,22:28:22.176,0
pingSingle,N/A,-1,p2g1,1522783702177,22:28:22.177,1
pingSingle,N/A,-1,p1g1,1522783702177,22:28:22.177,1
pingSingle,N/A,-1,p3g1,1522783702177,22:28:22.177,1
pingSingle,N/A,-1,p2g1,1522783702179,22:28:22.179,1
pingSingle,N/A,-1,p1g1,1522783702182,22:28:22.182,1
pingSingle,N/A,-1,p3g1,1522783702185,22:28:22.185,2
pingSingle,N/A,-1,p0g1,1522783702181,22:28:22.181,2
pingSingle,N/A,-1,p2g1,1522783702189,22:28:22.189,1
pingSingle,N/A,-1,p0g1,1522783702189,22:28:22.189,1
pingSingle,N/A,-1,p1g1,1522783702189,22:28:22.189,1
pingSingle,N/A,-1,p3g1,1522783702189,22:28:22.189,1
pingSingle,N/A,-1,p0g1,1522783702191,22:28:22.191,1
pingSingle,N/A,-1,p2g1,1522783702193,22:28:22.193,2
pingSingle,N/A,-1,p1g1,1522783702193,22:28:22.193,2
pingSingle,N/A,-1,p3g1,1522783702196,22:28:22.196,2
pingSingle,N/A,-1,p2g1,1522783702199,22:28:22.199,1
pingSingle,N/A,-1,p0g1,1522783702200,22:28:22.200,1
pingSingle,N/A,-1,p3g1,1522783702200,22:28:22.200,1
pingSingle,N/A,-1,p1g1,1522783702200,22:28:22.200,1
pingSingle,N/A,-1,p0g1,1522783702204,22:28:22.204,0
pingSingle,N/A,-1,p3g1,1522783702205,22:28:22.205,1
pingSingle,N/A,-1,p1g1,1522783702205,22:28:22.205,1
pingSingle,N/A,-1,p2g1,1522783702206,22:28:22.206,2
pingSingle,N/A,-1,p2g1,1522783702207,22:28:22.207,0
pingSingle,N/A,-1,p1g1,1522783702208,22:28:22.208,1
pingSingle,N/A,-1,p3g1,1522783702209,22:28:22.209,1
pingSingle,N/A,-1,p0g1,1522783702208,22:28:22.208,1
pingSingle,N/A,-1,p2g1,1522783702210,22:28:22.210,0
pingSingle,N/A,-1,p1g1,1522783702211,22:28:22.211,1
pingSingle,N/A,-1,p3g1,1522783702211,22:28:22.211,1
pingSingle,N/A,-1,p0g1,1522783702211,22:28:22.211,1
pingSingle,N/A,-1,p2g1,1522783702212,22:28:22.212,0
pingSingle,N/A,-1,p1g1,1522783702213,22:28:22.213,0
pingSingle,N/A,-1,p0g1,1522783702214,22:28:22.214,1
pingSingle,N/A,-1,p3g1,1522783702214,22:28:22.214,1
pingSingle,N/A,-1,p2g1,1522783702215,22:28:22.215,0
pingSingle,N/A,-1,p1g1,1522783702216,22:28:22.216,1
pingSingle,N/A,-1,p0g1,1522783702217,22:28:22.217,2
pingSingle,N/A,-1,p3g1,1522783702217,22:28:22.217,1
pingSingle,N/A,-1,p0g1,1522783702219,22:28:22.219,1
pingSingle,N/A,-1,p1g1,1522783702220,22:28:22.220,1
pingSingle,N/A,-1,p2g1,1522783702220,22:28:22.220,1
pingSingle,N/A,-1,p3g1,1522783702224,22:28:22.224,5
pingSingle,N/A,-1,p2g1,1522783702225,22:28:22.225,1
pingSingle,N/A,-1,p0g1,1522783702225,22:28:22.225,1
pingSingle,N/A,-1,p1g1,1522783702226,22:28:22.226,1
pingSingle,N/A,-1,p3g1,1522783702226,22:28:22.226,1
pingSingle,N/A,-1,p2g1,1522783702228,22:28:22.228,1
pingSingle,N/A,-1,p0g1,1522783702228,22:28:22.228,1
pingSingle,N/A,-1,p1g1,1522783702228,22:28:22.228,1
pingSingle,N/A,-1,p3g1,1522783702229,22:28:22.229,1
pingSingle,N/A,-1,p0g1,1522783702231,22:28:22.231,0
pingSingle,N/A,-1,p1g1,1522783702233,22:28:22.233,2
pingSingle,N/A,-1,p2g1,1522783702233,22:28:22.233,2
pingSingle,N/A,-1,p3g1,1522783702233,22:28:22.233,2
pingSingle,N/A,-1,p2g1,1522783702235,22:28:22.235,1
pingSingle,N/A,-1,p1g1,1522783702237,22:28:22.237,1
pingSingle,N/A,-1,p0g1,1522783702239,22:28:22.239,5
pingSingle,N/A,-1,p3g1,1522783702240,22:28:22.240,2
pingSingle,N/A,-1,p0g1,1522783702243,22:28:22.243,1
pingSingle,N/A,-1,p1g1,1522783702243,22:28:22.243,1
pingSingle,N/A,-1,p2g1,1522783702244,22:28:22.244,2
pingSingle,N/A,-1,p3g1,1522783702246,22:28:22.246,4
pingSingle,N/A,-1,p0g1,1522783702247,22:28:22.247,1
pingSingle,N/A,-1,p2g1,1522783702247,22:28:22.247,1
pingSingle,N/A,-1,p1g1,1522783702247,22:28:22.247,1
pingSingle,N/A,-1,p3g1,1522783702247,22:28:22.247,1
pingSingle,N/A,-1,p0g1,1522783702249,22:28:22.249,1
pingSingle,N/A,-1,p2g1,1522783702250,22:28:22.250,1
pingSingle,N/A,-1,p1g1,1522783702251,22:28:22.251,2
pingSingle,N/A,-1,p3g1,1522783702256,22:28:22.256,4
pingSingle,N/A,-1,p2g1,1522783702257,22:28:22.257,0
pingSingle,N/A,-1,p1g1,1522783702257,22:28:22.257,0
pingSingle,N/A,-1,p0g1,1522783702258,22:28:22.258,1
pingSingle,N/A,-1,p3g1,1522783702258,22:28:22.258,1
pingSingle,N/A,-1,p0g1,1522783702259,22:28:22.259,0
pingSingle,N/A,-1,p2g1,1522783702259,22:28:22.259,0
pingSingle,N/A,-1,p1g1,1522783702259,22:28:22.259,0
pingSingle,N/A,-1,p3g1,1522783702260,22:28:22.260,1
pingSingle,N/A,-1,p2g1,1522783702262,22:28:22.262,1
pingSingle,N/A,-1,p3g1,1522783702262,22:28:22.262,1
pingSingle,N/A,-1,p1g1,1522783702262,22:28:22.262,1
pingSingle,N/A,-1,p0g1,1522783702263,22:28:22.263,2
pingSingle,N/A,-1,p0g1,1522783702265,22:28:22.265,0
pingSingle,N/A,-1,p2g1,1522783702265,22:28:22.265,1
pingSingle,N/A,-1,p1g1,1522783702265,22:28:22.265,1
pingSingle,N/A,-1,p3g1,1522783702266,22:28:22.266,1
pingSingle,N/A,-1,p0g1,1522783702267,22:28:22.267,1
pingSingle,N/A,-1,p1g1,1522783702268,22:28:22.268,2
pingSingle,N/A,-1,p2g1,1522783702268,22:28:22.268,2
pingSingle,N/A,-1,p3g1,1522783702270,22:28:22.270,4
pingSingle,N/A,-1,p2g1,1522783702271,22:28:22.271,0
pingSingle,N/A,-1,p0g1,1522783702271,22:28:22.271,0
pingSingle,N/A,-1,p1g1,1522783702272,22:28:22.272,1
pingSingle,N/A,-1,p3g1,1522783702272,22:28:22.272,1
pingSingle,N/A,-1,p2g1,1522783702273,22:28:22.273,0
pingSingle,N/A,-1,p1g1,1522783702273,22:28:22.273,0
pingSingle,N/A,-1,p0g1,1522783702274,22:28:22.274,1
pingSingle,N/A,-1,p3g1,1522783702274,22:28:22.274,1
pingSingle,N/A,-1,p2g1,1522783702275,22:28:22.275,0
pingSingle,N/A,-1,p0g1,1522783702277,22:28:22.277,2
pingSingle,N/A,-1,p1g1,1522783702278,22:28:22.278,1
pingSingle,N/A,-1,p3g1,1522783702278,22:28:22.278,1
pingSingle,N/A,-1,p2g1,1522783702287,22:28:22.287,8
pingSingle,N/A,-1,p0g1,1522783702288,22:28:22.288,1
pingSingle,N/A,-1,p1g1,1522783702291,22:28:22.291,2
pingSingle,N/A,-1,p3g1,1522783702291,22:28:22.291,4
pingSingle,N/A,-1,p0g1,1522783702293,22:28:22.293,1
pingSingle,N/A,-1,p3g1,1522783702293,22:28:22.293,1
pingSingle,N/A,-1,p2g1,1522783702293,22:28:22.293,0
pingSingle,N/A,-1,p1g1,1522783702293,22:28:22.293,1
pingSingle,N/A,-1,p2g1,1522783702295,22:28:22.295,1
pingSingle,N/A,-1,p0g1,1522783702295,22:28:22.295,1
pingSingle,N/A,-1,p3g1,1522783702295,22:28:22.295,1
pingSingle,N/A,-1,p1g1,1522783702295,22:28:22.295,1
pingSingle,N/A,-1,p1g1,1522783702297,22:28:22.297,1
pingSingle,N/A,-1,p2g1,1522783702297,22:28:22.297,1
pingSingle,N/A,-1,p3g1,1522783702297,22:28:22.297,1
pingSingle,N/A,-1,p0g1,1522783702297,22:28:22.297,1
pingSingle,N/A,-1,p1g1,1522783702299,22:28:22.299,0
pingSingle,N/A,-1,p0g1,1522783702299,22:28:22.299,0
pingSingle,N/A,-1,p2g1,1522783702300,22:28:22.300,1
pingSingle,N/A,-1,p3g1,1522783702300,22:28:22.300,1
pingSingle,N/A,-1,p2g1,1522783702302,22:28:22.302,2
pingSingle,N/A,-1,p3g1,1522783702302,22:28:22.302,2
pingSingle,N/A,-1,p1g1,1522783702302,22:28:22.302,1
pingSingle,N/A,-1,p0g1,1522783702302,22:28:22.302,2
pingSingle,N/A,-1,p2g1,1522783702303,22:28:22.303,0
pingSingle,N/A,-1,p1g1,1522783702303,22:28:22.303,0
pingSingle,N/A,-1,p0g1,1522783702307,22:28:22.307,4
pingSingle,N/A,-1,p3g1,1522783702308,22:28:22.308,1
pingSingle,N/A,-1,p2g1,1522783702309,22:28:22.309,1
pingSingle,N/A,-1,p1g1,1522783702309,22:28:22.309,1
pingSingle,N/A,-1,p0g1,1522783702310,22:28:22.310,2
pingSingle,N/A,-1,p3g1,1522783702310,22:28:22.310,1
pingSingle,N/A,-1,p2g1,1522783702312,22:28:22.312,1
pingSingle,N/A,-1,p1g1,1522783702313,22:28:22.313,2
pingSingle,N/A,-1,p0g1,1522783702313,22:28:22.313,2
pingSingle,N/A,-1,p3g1,1522783702314,22:28:22.314,2
pingSingle,N/A,-1,p2g1,1522783702315,22:28:22.315,0
pingSingle,N/A,-1,p1g1,1522783702316,22:28:22.316,1
pingSingle,N/A,-1,p3g1,1522783702319,22:28:22.319,1
pingSingle,N/A,-1,p0g1,1522783702320,22:28:22.320,5
pingSingle,N/A,-1,p2g1,1522783702322,22:28:22.322,1
pingSingle,N/A,-1,p1g1,1522783702322,22:28:22.322,0
pingSingle,N/A,-1,p0g1,1522783702323,22:28:22.323,1
pingSingle,N/A,-1,p3g1,1522783702323,22:28:22.323,1
pingSingle,N/A,-1,p0g1,1522783702325,22:28:22.325,1
pingSingle,N/A,-1,p1g1,1522783702325,22:28:22.325,1
pingSingle,N/A,-1,p3g1,1522783702325,22:28:22.325,1
pingSingle,N/A,-1,p2g1,1522783702336,22:28:22.336,1
pingSingle,N/A,-1,p2g1,1522783702337,22:28:22.337,0
pingSingle,N/A,-1,p0g1,1522783702338,22:28:22.338,1
pingSingle,N/A,-1,p3g1,1522783702338,22:28:22.338,1
pingSingle,N/A,-1,p1g1,1522783702338,22:28:22.338,1
pingSingle,N/A,-1,p2g1,1522783702340,22:28:22.340,1
pingSingle,N/A,-1,p1g1,1522783702340,22:28:22.340,1
pingSingle,N/A,-1,p0g1,1522783702343,22:28:22.343,4
pingSingle,N/A,-1,p3g1,1522783702343,22:28:22.343,3
pingSingle,N/A,-1,p1g1,1522783702346,22:28:22.346,2
pingSingle,N/A,-1,p0g1,1522783702346,22:28:22.346,2
pingSingle,N/A,-1,p2g1,1522783702346,22:28:22.346,1
pingSingle,N/A,-1,p3g1,1522783702352,22:28:22.352,2
pingSingle,N/A,-1,p2g1,1522783702353,22:28:22.353,0
pingSingle,N/A,-1,p1g1,1522783702354,22:28:22.354,1
pingSingle,N/A,-1,p0g1,1522783702354,22:28:22.354,1
pingSingle,N/A,-1,p3g1,1522783702354,22:28:22.354,1
pingSingle,N/A,-1,p0g1,1522783702355,22:28:22.355,0
pingSingle,N/A,-1,p1g1,1522783702356,22:28:22.356,1
pingSingle,N/A,-1,p2g1,1522783702356,22:28:22.356,1
pingSingle,N/A,-1,p3g1,1522783702357,22:28:22.357,2
pingSingle,N/A,-1,p0g1,1522783702358,22:28:22.358,0
pingSingle,N/A,-1,p2g1,1522783702358,22:28:22.358,0
pingSingle,N/A,-1,p1g1,1522783702358,22:28:22.358,0
pingSingle,N/A,-1,p3g1,1522783702358,22:28:22.358,1
pingSingle,N/A,-1,p0g1,1522783702359,22:28:22.359,0
pingSingle,N/A,-1,p2g1,1522783702360,22:28:22.360,1
pingSingle,N/A,-1,p3g1,1522783702360,22:28:22.360,1
pingSingle,N/A,-1,p1g1,1522783702360,22:28:22.360,1
pingSingle,N/A,-1,p0g1,1522783702361,22:28:22.361,0
pingSingle,N/A,-1,p2g1,1522783702362,22:28:22.362,1
pingSingle,N/A,-1,p1g1,1522783702362,22:28:22.362,1
pingSingle,N/A,-1,p3g1,1522783702362,22:28:22.362,2
pingSingle,N/A,-1,p0g1,1522783702363,22:28:22.363,1
pingSingle,N/A,-1,p2g1,1522783702363,22:28:22.363,1
pingSingle,N/A,-1,p1g1,1522783702363,22:28:22.363,1
pingSingle,N/A,-1,p3g1,1522783702363,22:28:22.363,1
pingSingle,N/A,-1,p0g1,1522783702364,22:28:22.364,0
pingSingle,N/A,-1,p2g1,1522783702364,22:28:22.364,0
pingSingle,N/A,-1,p1g1,1522783702365,22:28:22.365,1
pingSingle,N/A,-1,p3g1,1522783702365,22:28:22.365,1
pingSingle,N/A,-1,p0g1,1522783702366,22:28:22.366,1
pingSingle,N/A,-1,p1g1,1522783702367,22:28:22.367,2
pingSingle,N/A,-1,p2g1,1522783702367,22:28:22.367,2
pingSingle,N/A,-1,p3g1,1522783702371,22:28:22.371,4
pingSingle,N/A,-1,p2g1,1522783702373,22:28:22.373,1
pingSingle,N/A,-1,p0g1,1522783702376,22:28:22.376,1
pingSingle,N/A,-1,p1g1,1522783702376,22:28:22.376,1
pingSingle,N/A,-1,p3g1,1522783702379,22:28:22.379,1
pingSingle,N/A,-1,p2g1,1522783702380,22:28:22.380,0
pingSingle,N/A,-1,p0g1,1522783702380,22:28:22.380,0
pingSingle,N/A,-1,p1g1,1522783702380,22:28:22.380,0
pingSingle,N/A,-1,p3g1,1522783702381,22:28:22.381,1
pingSingle,N/A,-1,p2g1,1522783702382,22:28:22.382,1
pingSingle,N/A,-1,p1g1,1522783702383,22:28:22.383,1
pingSingle,N/A,-1,p0g1,1522783702395,22:28:22.395,13
pingSingle,N/A,-1,p3g1,1522783702395,22:28:22.395,1
pingSingle,N/A,-1,p0g1,1522783702396,22:28:22.396,0
pingSingle,N/A,-1,p2g1,1522783702396,22:28:22.396,0
pingSingle,N/A,-1,p1g1,1522783702397,22:28:22.397,1
pingSingle,N/A,-1,p3g1,1522783702397,22:28:22.397,1
pingSingle,N/A,-1,p0g1,1522783702398,22:28:22.398,1
pingSingle,N/A,-1,p2g1,1522783702398,22:28:22.398,1
pingSingle,N/A,-1,p1g1,1522783702398,22:28:22.398,1
pingSingle,N/A,-1,p3g1,1522783702398,22:28:22.398,1
pingSingle,N/A,-1,p2g1,1522783702399,22:28:22.399,0
pingSingle,N/A,-1,p1g1,1522783702399,22:28:22.399,0
pingSingle,N/A,-1,p0g1,1522783702403,22:28:22.403,4
pingSingle,N/A,-1,p3g1,1522783702403,22:28:22.403,1
pingSingle,N/A,-1,p0g1,1522783702405,22:28:22.405,2
pingSingle,N/A,-1,p1g1,1522783702416,22:28:22.416,1
pingSingle,N/A,-1,p2g1,1522783702416,22:28:22.416,1
pingSingle,N/A,-1,p3g1,1522783702416,22:28:22.416,1
pingSingle,N/A,-1,p0g1,1522783702417,22:28:22.417,0
pingSingle,N/A,-1,p2g1,1522783702417,22:28:22.417,0
pingSingle,N/A,-1,p1g1,1522783702418,22:28:22.418,1
pingSingle,N/A,-1,p3g1,1522783702418,22:28:22.418,1
pingSingle,N/A,-1,p0g1,1522783702419,22:28:22.419,1
pingSingle,N/A,-1,p2g1,1522783702419,22:28:22.419,0
pingSingle,N/A,-1,p1g1,1522783702419,22:28:22.419,0
pingSingle,N/A,-1,p3g1,1522783702419,22:28:22.419,1
pingSingle,N/A,-1,p0g1,1522783702420,22:28:22.420,0
pingSingle,N/A,-1,p2g1,1522783702421,22:28:22.421,1
pingSingle,N/A,-1,p1g1,1522783702421,22:28:22.421,1
pingSingle,N/A,-1,p3g1,1522783702421,22:28:22.421,1
pingSingle,N/A,-1,p0g1,1522783702423,22:28:22.423,0
pingSingle,N/A,-1,p2g1,1522783702423,22:28:22.423,0
pingSingle,N/A,-1,p1g1,1522783702423,22:28:22.423,0
pingSingle,N/A,-1,p3g1,1522783702423,22:28:22.423,0
pingSingle,N/A,-1,p0g1,1522783702424,22:28:22.424,0
pingSingle,N/A,-1,p1g1,1522783702425,22:28:22.425,1
pingSingle,N/A,-1,p2g1,1522783702426,22:28:22.426,2
pingSingle,N/A,-1,p3g1,1522783702426,22:28:22.426,2
pingSingle,N/A,-1,p0g1,1522783702427,22:28:22.427,1
pingSingle,N/A,-1,p2g1,1522783702427,22:28:22.427,1
pingSingle,N/A,-1,p1g1,1522783702427,22:28:22.427,1
pingSingle,N/A,-1,p3g1,1522783702427,22:28:22.427,1
pingSingle,N/A,-1,p0g1,1522783702428,22:28:22.428,0
pingSingle,N/A,-1,p2g1,1522783702428,22:28:22.428,0
pingSingle,N/A,-1,p1g1,1522783702428,22:28:22.428,0
pingSingle,N/A,-1,p3g1,1522783702428,22:28:22.428,0
pingSingle,N/A,-1,p0g1,1522783702429,22:28:22.429,0
pingSingle,N/A,-1,p2g1,1522783702429,22:28:22.429,0
pingSingle,N/A,-1,p1g1,1522783702430,22:28:22.430,1
pingSingle,N/A,-1,p3g1,1522783702430,22:28:22.430,1
pingSingle,N/A,-1,p0g1,1522783702431,22:28:22.431,0
pingSingle,N/A,-1,p2g1,1522783702431,22:28:22.431,0
pingSingle,N/A,-1,p1g1,1522783702431,22:28:22.431,0
pingSingle,N/A,-1,p3g1,1522783702431,22:28:22.431,1
pingSingle,N/A,-1,p2g1,1522783702438,22:28:22.438,6
pingSingle,N/A,-1,p1g1,1522783702438,22:28:22.438,6
pingSingle,N/A,-1,p3g1,1522783702438,22:28:22.438,6
pingSingle,N/A,-1,p0g1,1522783702438,22:28:22.438,6
pingSingle,N/A,-1,p2g1,1522783702439,22:28:22.439,0
pingSingle,N/A,-1,p1g1,1522783702447,22:28:22.447,1
pingSingle,N/A,-1,p0g1,1522783702448,22:28:22.448,5
pingSingle,N/A,-1,p3g1,1522783702448,22:28:22.448,1
pingSingle,N/A,-1,p2g1,1522783702449,22:28:22.449,0
pingSingle,N/A,-1,p1g1,1522783702450,22:28:22.450,1
pingSingle,N/A,-1,p0g1,1522783702453,22:28:22.453,4
pingSingle,N/A,-1,p3g1,1522783702453,22:28:22.453,1
pingSingle,N/A,-1,p0g1,1522783702455,22:28:22.455,1
pingSingle,N/A,-1,p2g1,1522783702455,22:28:22.455,1
pingSingle,N/A,-1,p1g1,1522783702455,22:28:22.455,1
pingSingle,N/A,-1,p3g1,1522783702455,22:28:22.455,1
pingSingle,N/A,-1,p0g1,1522783702456,22:28:22.456,0
pingSingle,N/A,-1,p2g1,1522783702456,22:28:22.456,0
pingSingle,N/A,-1,p1g1,1522783702458,22:28:22.458,2
pingSingle,N/A,-1,p3g1,1522783702458,22:28:22.458,3
pingSingle,N/A,-1,p2g1,1522783702462,22:28:22.462,3
pingSingle,N/A,-1,p3g1,1522783702462,22:28:22.462,4
pingSingle,N/A,-1,p1g1,1522783702462,22:28:22.462,3
pingSingle,N/A,-1,p0g1,1522783702462,22:28:22.462,0
pingSingle,N/A,-1,p0g1,1522783702463,22:28:22.463,0
pingSingle,N/A,-1,p2g1,1522783702463,22:28:22.463,0
pingSingle,N/A,-1,p3g1,1522783702464,22:28:22.464,1
pingSingle,N/A,-1,p1g1,1522783702464,22:28:22.464,1
pingSingle,N/A,-1,p0g1,1522783702465,22:28:22.465,1
pingSingle,N/A,-1,p1g1,1522783702465,22:28:22.465,1
pingSingle,N/A,-1,p2g1,1522783702465,22:28:22.465,1
pingSingle,N/A,-1,p3g1,1522783702468,22:28:22.468,4
pingSingle,N/A,-1,p0g1,1522783702469,22:28:22.469,0
pingSingle,N/A,-1,p2g1,1522783702469,22:28:22.469,0
pingSingle,N/A,-1,p1g1,1522783702469,22:28:22.469,0
pingSingle,N/A,-1,p3g1,1522783702470,22:28:22.470,1
pingSingle,N/A,-1,p0g1,1522783702470,22:28:22.470,0
pingSingle,N/A,-1,p2g1,1522783702471,22:28:22.471,1
pingSingle,N/A,-1,p1g1,1522783702471,22:28:22.471,1
pingSingle,N/A,-1,p3g1,1522783702471,22:28:22.471,1
pingSingle,N/A,-1,p0g1,1522783702472,22:28:22.472,0
pingSingle,N/A,-1,p2g1,1522783702472,22:28:22.472,1
pingSingle,N/A,-1,p3g1,1522783702472,22:28:22.472,1
pingSingle,N/A,-1,p1g1,1522783702472,22:28:22.472,0
pingSingle,N/A,-1,p0g1,1522783702473,22:28:22.473,0
pingSingle,N/A,-1,p2g1,1522783702473,22:28:22.473,0
pingSingle,N/A,-1,p1g1,1522783702473,22:28:22.473,0
pingSingle,N/A,-1,p3g1,1522783702473,22:28:22.473,0
pingSingle,N/A,-1,p0g1,1522783702474,22:28:22.474,0
pingSingle,N/A,-1,p2g1,1522783702474,22:28:22.474,0
pingSingle,N/A,-1,p1g1,1522783702475,22:28:22.475,1
pingSingle,N/A,-1,p3g1,1522783702475,22:28:22.475,1
pingSingle,N/A,-1,p0g1,1522783702475,22:28:22.475,0
pingSingle,N/A,-1,p1g1,1522783702476,22:28:22.476,1
pingSingle,N/A,-1,p2g1,1522783702477,22:28:22.477,2
pingSingle,N/A,-1,p3g1,1522783702479,22:28:22.479,4
pingSingle,N/A,-1,p0g1,1522783702479,22:28:22.479,0
pingSingle,N/A,-1,p1g1,1522783702480,22:28:22.480,1
pingSingle,N/A,-1,p3g1,1522783702480,22:28:22.480,1
pingSingle,N/A,-1,p2g1,1522783702482,22:28:22.482,3
pingSingle,N/A,-1,p2g1,1522783702483,22:28:22.483,1
pingSingle,N/A,-1,p1g1,1522783702483,22:28:22.483,1
pingSingle,N/A,-1,p0g1,1522783702486,22:28:22.486,4
pingSingle,N/A,-1,p3g1,1522783702487,22:28:22.487,1
pingSingle,N/A,-1,p0g1,1522783702488,22:28:22.488,1
pingSingle,N/A,-1,p2g1,1522783702488,22:28:22.488,1
pingSingle,N/A,-1,p1g1,1522783702488,22:28:22.488,1
pingSingle,N/A,-1,p3g1,1522783702488,22:28:22.488,1
pingSingle,N/A,-1,p0g1,1522783702489,22:28:22.489,0
pingSingle,N/A,-1,p2g1,1522783702489,22:28:22.489,0
pingSingle,N/A,-1,p1g1,1522783702489,22:28:22.489,0
pingSingle,N/A,-1,p3g1,1522783702489,22:28:22.489,1
pingSingle,N/A,-1,p0g1,1522783702490,22:28:22.490,0
pingSingle,N/A,-1,p2g1,1522783702490,22:28:22.490,0
pingSingle,N/A,-1,p1g1,1522783702491,22:28:22.491,1
pingSingle,N/A,-1,p3g1,1522783702491,22:28:22.491,1
pingSingle,N/A,-1,p0g1,1522783702492,22:28:22.492,1
pingSingle,N/A,-1,p2g1,1522783702492,22:28:22.492,1
pingSingle,N/A,-1,p1g1,1522783702492,22:28:22.492,1
pingSingle,N/A,-1,p3g1,1522783702492,22:28:22.492,1
pingSingle,N/A,-1,p0g1,1522783702495,22:28:22.495,1
pingSingle,N/A,-1,p2g1,1522783702495,22:28:22.495,1
pingSingle,N/A,-1,p3g1,1522783702496,22:28:22.496,2
pingSingle,N/A,-1,p1g1,1522783702496,22:28:22.496,1
pingSingle,N/A,-1,p0g1,1522783702497,22:28:22.497,0
pingSingle,N/A,-1,p2g1,1522783702497,22:28:22.497,0
pingSingle,N/A,-1,p3g1,1522783702498,22:28:22.498,2
pingSingle,N/A,-1,p1g1,1522783702498,22:28:22.498,1
pingSingle,N/A,-1,p0g1,1522783702499,22:28:22.499,1
pingSingle,N/A,-1,p2g1,1522783702499,22:28:22.499,1
pingSingle,N/A,-1,p3g1,1522783702499,22:28:22.499,1
pingSingle,N/A,-1,p1g1,1522783702499,22:28:22.499,1
pingSingle,N/A,-1,p0g1,1522783702500,22:28:22.500,0
pingSingle,N/A,-1,p2g1,1522783702501,22:28:22.501,1
pingSingle,N/A,-1,p3g1,1522783702501,22:28:22.501,1
pingSingle,N/A,-1,p1g1,1522783702501,22:28:22.501,1
pingSingle,N/A,-1,p0g1,1522783702502,22:28:22.502,0
pingSingle,N/A,-1,p2g1,1522783702502,22:28:22.502,0
pingSingle,N/A,-1,p1g1,1522783702503,22:28:22.503,1
pingSingle,N/A,-1,p3g1,1522783702503,22:28:22.503,1
pingSingle,N/A,-1,p0g1,1522783702503,22:28:22.503,0
pingSingle,N/A,-1,p3g1,1522783702506,22:28:22.506,3
pingSingle,N/A,-1,p2g1,1522783702507,22:28:22.507,3
pingSingle,N/A,-1,p1g1,1522783702508,22:28:22.508,4
pingSingle,N/A,-1,p0g1,1522783702509,22:28:22.509,1
pingSingle,N/A,-1,p2g1,1522783702509,22:28:22.509,0
pingSingle,N/A,-1,p1g1,1522783702509,22:28:22.509,1
pingSingle,N/A,-1,p3g1,1522783702509,22:28:22.509,1
pingSingle,N/A,-1,p2g1,1522783702510,22:28:22.510,0
pingSingle,N/A,-1,p0g1,1522783702510,22:28:22.510,0
pingSingle,N/A,-1,p1g1,1522783702511,22:28:22.511,1
pingSingle,N/A,-1,p3g1,1522783702511,22:28:22.511,1
pingSingle,N/A,-1,p0g1,1522783702511,22:28:22.511,0
pingSingle,N/A,-1,p2g1,1522783702512,22:28:22.512,1
pingSingle,N/A,-1,p1g1,1522783702512,22:28:22.512,1
pingSingle,N/A,-1,p3g1,1522783702512,22:28:22.512,1
pingSingle,N/A,-1,p0g1,1522783702512,22:28:22.512,0
pingSingle,N/A,-1,p2g1,1522783702513,22:28:22.513,1
pingSingle,N/A,-1,p1g1,1522783702513,22:28:22.513,1
pingSingle,N/A,-1,p3g1,1522783702513,22:28:22.513,1
pingSingle,N/A,-1,p0g1,1522783702514,22:28:22.514,1
pingSingle,N/A,-1,p2g1,1522783702514,22:28:22.514,1
pingSingle,N/A,-1,p1g1,1522783702514,22:28:22.514,1
pingSingle,N/A,-1,p3g1,1522783702514,22:28:22.514,1
pingSingle,N/A,-1,p0g1,1522783702515,22:28:22.515,1
pingSingle,N/A,-1,p2g1,1522783702515,22:28:22.515,0
pingSingle,N/A,-1,p1g1,1522783702515,22:28:22.515,0
pingSingle,N/A,-1,p3g1,1522783702515,22:28:22.515,1
pingSingle,N/A,-1,p0g1,1522783702516,22:28:22.516,0
pingSingle,N/A,-1,p2g1,1522783702516,22:28:22.516,0
pingSingle,N/A,-1,p1g1,1522783702516,22:28:22.516,0
pingSingle,N/A,-1,p3g1,1522783702516,22:28:22.516,0
pingSingle,N/A,-1,p0g1,1522783702517,22:28:22.517,0
pingSingle,N/A,-1,p1g1,1522783702518,22:28:22.518,1
pingSingle,N/A,-1,p3g1,1522783702518,22:28:22.518,1
pingSingle,N/A,-1,p2g1,1522783702519,22:28:22.519,2
pingSingle,N/A,-1,p0g1,1522783702519,22:28:22.519,0
pingSingle,N/A,-1,p2g1,1522783702520,22:28:22.520,1
pingSingle,N/A,-1,p1g1,1522783702520,22:28:22.520,1
pingSingle,N/A,-1,p3g1,1522783702520,22:28:22.520,1
pingSingle,N/A,-1,p0g1,1522783702521,22:28:22.521,1
pingSingle,N/A,-1,p2g1,1522783702521,22:28:22.521,1
pingSingle,N/A,-1,p3g1,1522783702521,22:28:22.521,1
pingSingle,N/A,-1,p1g1,1522783702522,22:28:22.522,2
pingSingle,N/A,-1,p0g1,1522783702523,22:28:22.523,1
pingSingle,N/A,-1,p2g1,1522783702523,22:28:22.523,1
pingSingle,N/A,-1,p1g1,1522783702523,22:28:22.523,1
pingSingle,N/A,-1,p3g1,1522783702523,22:28:22.523,1
pingSingle,N/A,-1,p0g1,1522783702524,22:28:22.524,0
pingSingle,N/A,-1,p1g1,1522783702525,22:28:22.525,1
pingSingle,N/A,-1,p3g1,1522783702525,22:28:22.525,2
pingSingle,N/A,-1,p2g1,1522783702525,22:28:22.525,1
pingSingle,N/A,-1,p2g1,1522783702526,22:28:22.526,0
pingSingle,N/A,-1,p0g1,1522783702526,22:28:22.526,0
pingSingle,N/A,-1,p1g1,1522783702527,22:28:22.527,1
pingSingle,N/A,-1,p3g1,1522783702527,22:28:22.527,1
pingSingle,N/A,-1,p0g1,1522783702527,22:28:22.527,0
pingSingle,N/A,-1,p2g1,1522783702528,22:28:22.528,1
pingSingle,N/A,-1,p1g1,1522783702528,22:28:22.528,1
pingSingle,N/A,-1,p3g1,1522783702528,22:28:22.528,0
pingSingle,N/A,-1,p0g1,1522783702529,22:28:22.529,0
pingSingle,N/A,-1,p2g1,1522783702529,22:28:22.529,0
pingSingle,N/A,-1,p3g1,1522783702529,22:28:22.529,0
pingSingle,N/A,-1,p1g1,1522783702529,22:28:22.529,0
pingSingle,N/A,-1,p0g1,1522783702530,22:28:22.530,0
pingSingle,N/A,-1,p2g1,1522783702530,22:28:22.530,0
pingSingle,N/A,-1,p1g1,1522783702531,22:28:22.531,1
pingSingle,N/A,-1,p3g1,1522783702531,22:28:22.531,1
pingSingle,N/A,-1,p2g1,1522783702535,22:28:22.535,4
pingSingle,N/A,-1,p3g1,1522783702535,22:28:22.535,4
pingSingle,N/A,-1,p1g1,1522783702535,22:28:22.535,4
pingSingle,N/A,-1,p0g1,1522783702535,22:28:22.535,0
pingSingle,N/A,-1,p0g1,1522783702536,22:28:22.536,0
pingSingle,N/A,-1,p1g1,1522783702537,22:28:22.537,1
pingSingle,N/A,-1,p2g1,1522783702537,22:28:22.537,1
pingSingle,N/A,-1,p3g1,1522783702537,22:28:22.537,1
pingSingle,N/A,-1,p0g1,1522783702538,22:28:22.538,0
pingSingle,N/A,-1,p2g1,1522783702538,22:28:22.538,0
pingSingle,N/A,-1,p1g1,1522783702538,22:28:22.538,0
pingSingle,N/A,-1,p3g1,1522783702539,22:28:22.539,1
pingSingle,N/A,-1,p2g1,1522783702540,22:28:22.540,1
pingSingle,N/A,-1,p0g1,1522783702540,22:28:22.540,1
pingSingle,N/A,-1,p1g1,1522783702540,22:28:22.540,0
pingSingle,N/A,-1,p3g1,1522783702541,22:28:22.541,2
pingSingle,N/A,-1,p0g1,1522783702542,22:28:22.542,1
pingSingle,N/A,-1,p2g1,1522783702542,22:28:22.542,1
pingSingle,N/A,-1,p3g1,1522783702542,22:28:22.542,1
pingSingle,N/A,-1,p1g1,1522783702542,22:28:22.542,1
pingSingle,N/A,-1,p0g1,1522783702543,22:28:22.543,0
pingSingle,N/A,-1,p2g1,1522783702543,22:28:22.543,0
pingSingle,N/A,-1,p1g1,1522783702543,22:28:22.543,0
pingSingle,N/A,-1,p3g1,1522783702544,22:28:22.544,1
[INFO] 22:28:22:731 MPIMain.main(): Total time (ms): 2278
